<?xml version="1.0" encoding="UTF-8"?>
<!-- Generated by org.testng.reporters.JUnitReportReporter -->
<testsuite hostname="ESLLAP-2690" failures="0" tests="3" name="TestRunner.Runner" time="28.536" errors="0" timestamp="2025-01-21T11:20:35 IST" skipped="0">
  <testcase classname="TestRunner.Runner" name="runScenario" time="14.022"/>
  <testcase classname="TestRunner.Runner" name="runScenario" time="6.128"/>
  <testcase classname="TestRunner.Runner" name="runScenario" time="8.386"/>
</testsuite> <!-- TestRunner.Runner -->
